Testing Docker image: driftfix-env
Traceback (most recent call last):
  File "/Library/Frameworks/Python.framework/Versions/3.14/lib/python3.14/asyncio/runners.py", line 127, in run
    return self._loop.run_until_complete(task)
           ~~~~~~~~~~~~~~~~~~~~~~~~~~~~~^^^^^^
  File "/Library/Frameworks/Python.framework/Versions/3.14/lib/python3.14/asyncio/base_events.py", line 719, in run_until_complete
    return future.result()
           ~~~~~~~~~~~~~^^
  File "/Users/mohdaltamish/Hackathon/DriftFix/verify_docker.py", line 11, in main
    env = await SchemaMigrationEnv.from_docker_image(image_name=image_name)
          ^^^^^^^^^^^^^^^^^^^^^^^^^^^^^^^^^^^^^^^^^^^^^^^^^^^^^^^^^^^^^^^^^
  File "/Users/mohdaltamish/Hackathon/DriftFix/schema_migration_env/client.py", line 77, in from_docker_image
    await asyncio.sleep(1)
  File "/Library/Frameworks/Python.framework/Versions/3.14/lib/python3.14/asyncio/tasks.py", line 702, in sleep
    return await future
           ^^^^^^^^^^^^
asyncio.exceptions.CancelledError

During handling of the above exception, another exception occurred:

Traceback (most recent call last):
  File "/Users/mohdaltamish/Hackathon/DriftFix/verify_docker.py", line 30, in <module>
    asyncio.run(main())
    ~~~~~~~~~~~^^^^^^^^
  File "/Library/Frameworks/Python.framework/Versions/3.14/lib/python3.14/asyncio/runners.py", line 204, in run
    return runner.run(main)
           ~~~~~~~~~~^^^^^^
  File "/Library/Frameworks/Python.framework/Versions/3.14/lib/python3.14/asyncio/runners.py", line 132, in run
    raise KeyboardInterrupt()
KeyboardInterrupt
